Arguments: 
  /Users/req92678/.nvm/versions/node/v9.6.1/bin/node /Users/req92678/.nvm/versions/node/v9.6.1/bin/yarn start

PATH: 
  /Users/req92678/.nvm/versions/node/v9.6.1/bin:/usr/local/bin:/usr/bin:/bin:/usr/sbin:/sbin:/usr/local/sbin

Yarn version: 
  1.5.0

Node version: 
  9.6.1

Platform: 
  darwin x64

npm manifest: 
  {
    "name": "react-redux-workshop",
    "private": true,
    "version": "1.0.0",
    "main": "N/A",
    "repository": "git@github.com:objectpartners/react-redux-workshop.git",
    "contributors": [
      "Scott Bock",
      "Derek Eskens",
      "Sean Lomax",
      "Mike Hostetler",
      "Justin Perinovic",
      "Jeff Sheets",
      "Travis Martensen",
      "Dustin Schau <dustin.schau@objectpartners.com>",
      "Derek Meyer"
    ],
    "license": "MIT"
  }

yarn manifest: 
  No manifest

Lockfile: 
  # THIS IS AN AUTOGENERATED FILE. DO NOT EDIT THIS FILE DIRECTLY.
  # yarn lockfile v1

Trace: 
  Error: Command "start" not found.
      at new MessageError (/Users/req92678/.nvm/versions/node/v9.6.1/lib/node_modules/yarn/lib/cli.js:186:110)
      at /Users/req92678/.nvm/versions/node/v9.6.1/lib/node_modules/yarn/lib/cli.js:87307:17
      at Generator.next (<anonymous>)
      at step (/Users/req92678/.nvm/versions/node/v9.6.1/lib/node_modules/yarn/lib/cli.js:98:30)
      at /Users/req92678/.nvm/versions/node/v9.6.1/lib/node_modules/yarn/lib/cli.js:116:14
      at new Promise (<anonymous>)
      at new F (/Users/req92678/.nvm/versions/node/v9.6.1/lib/node_modules/yarn/lib/cli.js:23451:28)
      at /Users/req92678/.nvm/versions/node/v9.6.1/lib/node_modules/yarn/lib/cli.js:95:12
      at runCommand (/Users/req92678/.nvm/versions/node/v9.6.1/lib/node_modules/yarn/lib/cli.js:87312:22)
      at Object.<anonymous> (/Users/req92678/.nvm/versions/node/v9.6.1/lib/node_modules/yarn/lib/cli.js:87412:14)
